<?xml version="1.0" encoding="UTF-8"?>
<!-- Generated by org.testng.reporters.JUnitReportReporter -->
<testsuite hostname="idea-PC" name="ua.wea.selenium.AddAdvMoemisto" tests="1" failures="0" timestamp="3 Oct 2016 11:10:00 GMT" time="10.318" errors="0">
  <testcase name="test1st" time="10.318" classname="ua.wea.selenium.AddAdvMoemisto"/>
</testsuite> <!-- ua.wea.selenium.AddAdvMoemisto -->
