<?xml version="1.0" encoding="UTF-8"?>
<!-- Generated by org.testng.reporters.JUnitReportReporter -->
<testsuite hostname="idea-PC" name="ua.wea.selenium.TreehouseLocal" tests="1" failures="0" timestamp="1 Oct 2016 07:32:41 GMT" time="0.001" errors="1">
  <testcase name="testUntitled2" time="0.001" classname="ua.wea.selenium.TreehouseLocal">
    <error type="org.openqa.selenium.WebDriverException" message="Failed to connect to binary FirefoxBinary(C:\Program Files (x86)\Mozilla Firefox\firefox.exe) on port 7055; process output follows: 
y&quot;:true,&quot;locales&quot;:[],&quot;targetApplications&quot;:[{&quot;id&quot;:&quot;{ec8030f7-c20a-464f-9b0e-13a3a9e97384}&quot;,&quot;minVersion&quot;:&quot;49.0.1&quot;,&quot;maxVersion&quot;:&quot;49.0.1&quot;}],&quot;targetPlatforms&quot;:[],&quot;seen&quot;:true}
1475307116251	addons.xpi	DEBUG	getModTime: Recursive scan of {972ce4c6-7e08-4474-a285-3208198ce6fd}
1475307116252	addons.xpi	DEBUG	Add-on {82AF8DCA-6DE9-405D-BD5E-43525BDAD38A} blocks e10s rollout.
1475307116252	DeferredSave.extensions.json	DEBUG	Save changes
1475307116252	addons.xpi	DEBUG	Updating database with changes to installed add-ons
1475307116252	addons.xpi-utils	DEBUG	Updating add-on states
1475307116253	addons.xpi-utils	DEBUG	Writing add-ons list
1475307116256	addons.xpi	DEBUG	Registering manifest for C:\Program Files (x86)\Mozilla Firefox\browser\features\e10srollout@mozilla.org.xpi
1475307116256	addons.xpi	DEBUG	Calling bootstrap method startup on e10srollout@mozilla.org version 1.2
1475307116256	addons.xpi	DEBUG	Registering manifest for C:\Program Files (x86)\Mozilla Firefox\browser\features\firefox@getpocket.com.xpi
1475307116257	addons.xpi	DEBUG	Calling bootstrap method startup on firefox@getpocket.com version 1.0.4
1475307116257	addons.xpi	DEBUG	Registering manifest for C:\Program Files (x86)\Mozilla Firefox\browser\features\webcompat@mozilla.org.xpi
1475307116258	addons.xpi	DEBUG	Calling bootstrap method startup on webcompat@mozilla.org version 1.0
1475307116258	addons.xpi	DEBUG	Registering manifest for C:\Program Files (x86)\Mozilla Firefox\browser\extensions\{82AF8DCA-6DE9-405D-BD5E-43525BDAD38A}.xpi
1475307116258	addons.xpi	DEBUG	Calling bootstrap method startup on {82AF8DCA-6DE9-405D-BD5E-43525BDAD38A} version 8.3.0.9150
1475307116261	addons.manager	DEBUG	Registering shutdown blocker for XPIProvider
1475307116261	addons.manager	DEBUG	Provider finished startup: XPIProvider
1475307116262	addons.manager	DEBUG	Starting provider: LightweightThemeManager
1475307116262	addons.manager	DEBUG	Registering shutdown blocker for LightweightThemeManager
1475307116262	addons.manager	DEBUG	Provider finished startup: LightweightThemeManager
1475307116262	addons.manager	DEBUG	Starting provider: GMPProvider
1475307116268	addons.manager	DEBUG	Registering shutdown blocker for GMPProvider
1475307116268	addons.manager	DEBUG	Provider finished startup: GMPProvider
1475307116268	addons.manager	DEBUG	Starting provider: PluginProvider
1475307116269	addons.manager	DEBUG	Registering shutdown blocker for PluginProvider
1475307116269	addons.manager	DEBUG	Provider finished startup: PluginProvider
1475307116269	addons.manager	DEBUG	Completed startup sequence
1475307116643	addons.manager	DEBUG	Starting provider: &lt;unnamed-provider&gt;
1475307116643	addons.manager	DEBUG	Registering shutdown blocker for &lt;unnamed-provider&gt;
1475307116643	addons.manager	DEBUG	Provider finished startup: &lt;unnamed-provider&gt;
1475307116912	DeferredSave.extensions.json	DEBUG	Write succeeded
1475307116912	addons.xpi-utils	DEBUG	XPI Database saved, setting schema version preference to 17
1475307116912	DeferredSave.extensions.json	DEBUG	Starting timer
1475307116922	addons.repository	DEBUG	No addons.json found.
1475307116923	DeferredSave.addons.json	DEBUG	Save changes
1475307116925	DeferredSave.addons.json	DEBUG	Starting timer
1475307116966	addons.manager	DEBUG	Starting provider: PreviousExperimentProvider
1475307116966	addons.manager	DEBUG	Registering shutdown blocker for PreviousExperimentProvider
1475307116966	addons.manager	DEBUG	Provider finished startup: PreviousExperimentProvider
1475307116971	DeferredSave.extensions.json	DEBUG	Starting write
1475307116990	DeferredSave.addons.json	DEBUG	Starting write
1475307116997	DeferredSave.extensions.json	DEBUG	Write succeeded
1475307117005	DeferredSave.addons.json	DEBUG	Write succeeded
[Child 10076] WARNING: pipe error: 109: file c:/builds/moz2_slave/m-rel-w32-00000000000000000000/build/src/ipc/chromium/src/chrome/common/ipc_channel_win.cc, line 346
[Child 10076] WARNING: pipe error: 109: file c:/builds/moz2_slave/m-rel-w32-00000000000000000000/build/src/ipc/chromium/src/chrome/common/ipc_channel_win.cc, line 346

Build info: version: &#039;2.48.2&#039;, revision: &#039;41bccdd10cf2c0560f637404c2d96164b67d9d67&#039;, time: &#039;2015-10-09 13:08:06&#039;
System info: host: &#039;idea-PC&#039;, ip: &#039;198.18.1.128&#039;, os.name: &#039;Windows 8&#039;, os.arch: &#039;amd64&#039;, os.version: &#039;6.2&#039;, java.version: &#039;1.8.0_101&#039;
Driver info: driver.version: FirefoxDriver">
      <![CDATA[org.openqa.selenium.WebDriverException: Failed to connect to binary FirefoxBinary(C:\Program Files (x86)\Mozilla Firefox\firefox.exe) on port 7055; process output follows: 
y":true,"locales":[],"targetApplications":[{"id":"{ec8030f7-c20a-464f-9b0e-13a3a9e97384}","minVersion":"49.0.1","maxVersion":"49.0.1"}],"targetPlatforms":[],"seen":true}
1475307116251	addons.xpi	DEBUG	getModTime: Recursive scan of {972ce4c6-7e08-4474-a285-3208198ce6fd}
1475307116252	addons.xpi	DEBUG	Add-on {82AF8DCA-6DE9-405D-BD5E-43525BDAD38A} blocks e10s rollout.
1475307116252	DeferredSave.extensions.json	DEBUG	Save changes
1475307116252	addons.xpi	DEBUG	Updating database with changes to installed add-ons
1475307116252	addons.xpi-utils	DEBUG	Updating add-on states
1475307116253	addons.xpi-utils	DEBUG	Writing add-ons list
1475307116256	addons.xpi	DEBUG	Registering manifest for C:\Program Files (x86)\Mozilla Firefox\browser\features\e10srollout@mozilla.org.xpi
1475307116256	addons.xpi	DEBUG	Calling bootstrap method startup on e10srollout@mozilla.org version 1.2
1475307116256	addons.xpi	DEBUG	Registering manifest for C:\Program Files (x86)\Mozilla Firefox\browser\features\firefox@getpocket.com.xpi
1475307116257	addons.xpi	DEBUG	Calling bootstrap method startup on firefox@getpocket.com version 1.0.4
1475307116257	addons.xpi	DEBUG	Registering manifest for C:\Program Files (x86)\Mozilla Firefox\browser\features\webcompat@mozilla.org.xpi
1475307116258	addons.xpi	DEBUG	Calling bootstrap method startup on webcompat@mozilla.org version 1.0
1475307116258	addons.xpi	DEBUG	Registering manifest for C:\Program Files (x86)\Mozilla Firefox\browser\extensions\{82AF8DCA-6DE9-405D-BD5E-43525BDAD38A}.xpi
1475307116258	addons.xpi	DEBUG	Calling bootstrap method startup on {82AF8DCA-6DE9-405D-BD5E-43525BDAD38A} version 8.3.0.9150
1475307116261	addons.manager	DEBUG	Registering shutdown blocker for XPIProvider
1475307116261	addons.manager	DEBUG	Provider finished startup: XPIProvider
1475307116262	addons.manager	DEBUG	Starting provider: LightweightThemeManager
1475307116262	addons.manager	DEBUG	Registering shutdown blocker for LightweightThemeManager
1475307116262	addons.manager	DEBUG	Provider finished startup: LightweightThemeManager
1475307116262	addons.manager	DEBUG	Starting provider: GMPProvider
1475307116268	addons.manager	DEBUG	Registering shutdown blocker for GMPProvider
1475307116268	addons.manager	DEBUG	Provider finished startup: GMPProvider
1475307116268	addons.manager	DEBUG	Starting provider: PluginProvider
1475307116269	addons.manager	DEBUG	Registering shutdown blocker for PluginProvider
1475307116269	addons.manager	DEBUG	Provider finished startup: PluginProvider
1475307116269	addons.manager	DEBUG	Completed startup sequence
1475307116643	addons.manager	DEBUG	Starting provider: <unnamed-provider>
1475307116643	addons.manager	DEBUG	Registering shutdown blocker for <unnamed-provider>
1475307116643	addons.manager	DEBUG	Provider finished startup: <unnamed-provider>
1475307116912	DeferredSave.extensions.json	DEBUG	Write succeeded
1475307116912	addons.xpi-utils	DEBUG	XPI Database saved, setting schema version preference to 17
1475307116912	DeferredSave.extensions.json	DEBUG	Starting timer
1475307116922	addons.repository	DEBUG	No addons.json found.
1475307116923	DeferredSave.addons.json	DEBUG	Save changes
1475307116925	DeferredSave.addons.json	DEBUG	Starting timer
1475307116966	addons.manager	DEBUG	Starting provider: PreviousExperimentProvider
1475307116966	addons.manager	DEBUG	Registering shutdown blocker for PreviousExperimentProvider
1475307116966	addons.manager	DEBUG	Provider finished startup: PreviousExperimentProvider
1475307116971	DeferredSave.extensions.json	DEBUG	Starting write
1475307116990	DeferredSave.addons.json	DEBUG	Starting write
1475307116997	DeferredSave.extensions.json	DEBUG	Write succeeded
1475307117005	DeferredSave.addons.json	DEBUG	Write succeeded
[Child 10076] WARNING: pipe error: 109: file c:/builds/moz2_slave/m-rel-w32-00000000000000000000/build/src/ipc/chromium/src/chrome/common/ipc_channel_win.cc, line 346
[Child 10076] WARNING: pipe error: 109: file c:/builds/moz2_slave/m-rel-w32-00000000000000000000/build/src/ipc/chromium/src/chrome/common/ipc_channel_win.cc, line 346

Build info: version: '2.48.2', revision: '41bccdd10cf2c0560f637404c2d96164b67d9d67', time: '2015-10-09 13:08:06'
System info: host: 'idea-PC', ip: '198.18.1.128', os.name: 'Windows 8', os.arch: 'amd64', os.version: '6.2', java.version: '1.8.0_101'
Driver info: driver.version: FirefoxDriver
	at org.openqa.selenium.firefox.internal.NewProfileExtensionConnection.start(NewProfileExtensionConnection.java:135)
	at org.openqa.selenium.firefox.FirefoxDriver.startClient(FirefoxDriver.java:271)
	at org.openqa.selenium.remote.RemoteWebDriver.<init>(RemoteWebDriver.java:117)
	at org.openqa.selenium.firefox.FirefoxDriver.<init>(FirefoxDriver.java:216)
	at org.openqa.selenium.firefox.FirefoxDriver.<init>(FirefoxDriver.java:211)
	at org.openqa.selenium.firefox.FirefoxDriver.<init>(FirefoxDriver.java:207)
	at org.openqa.selenium.firefox.FirefoxDriver.<init>(FirefoxDriver.java:120)
	at ua.wea.selenium.TreehouseLocal.setUp(TreehouseLocal.java:19)
	at sun.reflect.NativeMethodAccessorImpl.invoke0(Native Method)
	at sun.reflect.NativeMethodAccessorImpl.invoke(Unknown Source)
	at sun.reflect.DelegatingMethodAccessorImpl.invoke(Unknown Source)
	at java.lang.reflect.Method.invoke(Unknown Source)
	at org.testng.internal.MethodInvocationHelper.invokeMethod(MethodInvocationHelper.java:85)
	at org.testng.internal.Invoker.invokeConfigurationMethod(Invoker.java:510)
	at org.testng.internal.Invoker.invokeConfigurations(Invoker.java:211)
	at org.testng.internal.Invoker.invokeConfigurations(Invoker.java:138)
	at org.testng.internal.TestMethodWorker.invokeBeforeClassMethods(TestMethodWorker.java:170)
	at org.testng.internal.TestMethodWorker.run(TestMethodWorker.java:104)
	at org.testng.TestRunner.privateRun(TestRunner.java:773)
	at org.testng.TestRunner.run(TestRunner.java:623)
	at org.testng.SuiteRunner.runTest(SuiteRunner.java:357)
	at org.testng.SuiteRunner.runSequentially(SuiteRunner.java:352)
	at org.testng.SuiteRunner.privateRun(SuiteRunner.java:310)
	at org.testng.SuiteRunner.run(SuiteRunner.java:259)
	at org.testng.SuiteRunnerWorker.runSuite(SuiteRunnerWorker.java:52)
	at org.testng.SuiteRunnerWorker.run(SuiteRunnerWorker.java:86)
	at org.testng.TestNG.runSuitesSequentially(TestNG.java:1185)
	at org.testng.TestNG.runSuitesLocally(TestNG.java:1110)
	at org.testng.TestNG.run(TestNG.java:1018)
	at org.testng.remote.AbstractRemoteTestNG.run(AbstractRemoteTestNG.java:132)
	at org.testng.remote.RemoteTestNG.initAndRun(RemoteTestNG.java:236)
	at org.testng.remote.RemoteTestNG.main(RemoteTestNG.java:81)
Caused by: org.openqa.selenium.firefox.NotConnectedException: Unable to connect to host 127.0.0.1 on port 7055 after 45000 ms. Firefox console output:
y":true,"locales":[],"targetApplications":[{"id":"{ec8030f7-c20a-464f-9b0e-13a3a9e97384}","minVersion":"49.0.1","maxVersion":"49.0.1"}],"targetPlatforms":[],"seen":true}
1475307116251	addons.xpi	DEBUG	getModTime: Recursive scan of {972ce4c6-7e08-4474-a285-3208198ce6fd}
1475307116252	addons.xpi	DEBUG	Add-on {82AF8DCA-6DE9-405D-BD5E-43525BDAD38A} blocks e10s rollout.
1475307116252	DeferredSave.extensions.json	DEBUG	Save changes
1475307116252	addons.xpi	DEBUG	Updating database with changes to installed add-ons
1475307116252	addons.xpi-utils	DEBUG	Updating add-on states
1475307116253	addons.xpi-utils	DEBUG	Writing add-ons list
1475307116256	addons.xpi	DEBUG	Registering manifest for C:\Program Files (x86)\Mozilla Firefox\browser\features\e10srollout@mozilla.org.xpi
1475307116256	addons.xpi	DEBUG	Calling bootstrap method startup on e10srollout@mozilla.org version 1.2
1475307116256	addons.xpi	DEBUG	Registering manifest for C:\Program Files (x86)\Mozilla Firefox\browser\features\firefox@getpocket.com.xpi
1475307116257	addons.xpi	DEBUG	Calling bootstrap method startup on firefox@getpocket.com version 1.0.4
1475307116257	addons.xpi	DEBUG	Registering manifest for C:\Program Files (x86)\Mozilla Firefox\browser\features\webcompat@mozilla.org.xpi
1475307116258	addons.xpi	DEBUG	Calling bootstrap method startup on webcompat@mozilla.org version 1.0
1475307116258	addons.xpi	DEBUG	Registering manifest for C:\Program Files (x86)\Mozilla Firefox\browser\extensions\{82AF8DCA-6DE9-405D-BD5E-43525BDAD38A}.xpi
1475307116258	addons.xpi	DEBUG	Calling bootstrap method startup on {82AF8DCA-6DE9-405D-BD5E-43525BDAD38A} version 8.3.0.9150
1475307116261	addons.manager	DEBUG	Registering shutdown blocker for XPIProvider
1475307116261	addons.manager	DEBUG	Provider finished startup: XPIProvider
1475307116262	addons.manager	DEBUG	Starting provider: LightweightThemeManager
1475307116262	addons.manager	DEBUG	Registering shutdown blocker for LightweightThemeManager
1475307116262	addons.manager	DEBUG	Provider finished startup: LightweightThemeManager
1475307116262	addons.manager	DEBUG	Starting provider: GMPProvider
1475307116268	addons.manager	DEBUG	Registering shutdown blocker for GMPProvider
1475307116268	addons.manager	DEBUG	Provider finished startup: GMPProvider
1475307116268	addons.manager	DEBUG	Starting provider: PluginProvider
1475307116269	addons.manager	DEBUG	Registering shutdown blocker for PluginProvider
1475307116269	addons.manager	DEBUG	Provider finished startup: PluginProvider
1475307116269	addons.manager	DEBUG	Completed startup sequence
1475307116643	addons.manager	DEBUG	Starting provider: <unnamed-provider>
1475307116643	addons.manager	DEBUG	Registering shutdown blocker for <unnamed-provider>
1475307116643	addons.manager	DEBUG	Provider finished startup: <unnamed-provider>
1475307116912	DeferredSave.extensions.json	DEBUG	Write succeeded
1475307116912	addons.xpi-utils	DEBUG	XPI Database saved, setting schema version preference to 17
1475307116912	DeferredSave.extensions.json	DEBUG	Starting timer
1475307116922	addons.repository	DEBUG	No addons.json found.
1475307116923	DeferredSave.addons.json	DEBUG	Save changes
1475307116925	DeferredSave.addons.json	DEBUG	Starting timer
1475307116966	addons.manager	DEBUG	Starting provider: PreviousExperimentProvider
1475307116966	addons.manager	DEBUG	Registering shutdown blocker for PreviousExperimentProvider
1475307116966	addons.manager	DEBUG	Provider finished startup: PreviousExperimentProvider
1475307116971	DeferredSave.extensions.json	DEBUG	Starting write
1475307116990	DeferredSave.addons.json	DEBUG	Starting write
1475307116997	DeferredSave.extensions.json	DEBUG	Write succeeded
1475307117005	DeferredSave.addons.json	DEBUG	Write succeeded
[Child 10076] WARNING: pipe error: 109: file c:/builds/moz2_slave/m-rel-w32-00000000000000000000/build/src/ipc/chromium/src/chrome/common/ipc_channel_win.cc, line 346
[Child 10076] WARNING: pipe error: 109: file c:/builds/moz2_slave/m-rel-w32-00000000000000000000/build/src/ipc/chromium/src/chrome/common/ipc_channel_win.cc, line 346

	at org.openqa.selenium.firefox.internal.NewProfileExtensionConnection.start(NewProfileExtensionConnection.java:123)
	... 31 more
]]>
    </error>
  </testcase> <!-- testUntitled2 -->
</testsuite> <!-- ua.wea.selenium.TreehouseLocal -->
